mode: atomic
github.com/mrcodeeu/homepage/internal/config/config.go:35.21,56.2 1 2
github.com/mrcodeeu/homepage/internal/config/config.go:58.46,59.42 1 8
github.com/mrcodeeu/homepage/internal/config/config.go:59.42,61.3 1 2
github.com/mrcodeeu/homepage/internal/config/config.go:62.2,62.21 1 6
github.com/mrcodeeu/homepage/internal/config/config.go:65.65,66.42 1 2
github.com/mrcodeeu/homepage/internal/config/config.go:66.42,67.65 1 0
github.com/mrcodeeu/homepage/internal/config/config.go:67.65,69.4 1 0
github.com/mrcodeeu/homepage/internal/config/config.go:71.2,71.36 1 2
github.com/mrcodeeu/homepage/cmd/server/main.go:28.13,49.16 10 0
github.com/mrcodeeu/homepage/cmd/server/main.go:49.16,51.3 1 0
github.com/mrcodeeu/homepage/cmd/server/main.go:54.2,55.88 2 0
github.com/mrcodeeu/homepage/cmd/server/main.go:55.88,56.31 1 0
github.com/mrcodeeu/homepage/cmd/server/main.go:56.31,58.4 1 0
github.com/mrcodeeu/homepage/cmd/server/main.go:59.3,59.13 1 0
github.com/mrcodeeu/homepage/cmd/server/main.go:60.17,62.3 1 0
github.com/mrcodeeu/homepage/cmd/server/main.go:65.2,83.12 7 0
github.com/mrcodeeu/homepage/cmd/server/main.go:83.12,85.77 2 0
github.com/mrcodeeu/homepage/cmd/server/main.go:85.77,87.4 1 0
github.com/mrcodeeu/homepage/cmd/server/main.go:91.2,103.50 8 0
github.com/mrcodeeu/homepage/cmd/server/main.go:103.50,105.3 1 0
github.com/mrcodeeu/homepage/cmd/server/main.go:107.2,107.31 1 0
github.com/mrcodeeu/homepage/cmd/server/main.go:111.53,112.71 1 2
github.com/mrcodeeu/homepage/cmd/server/main.go:112.71,115.56 2 3
github.com/mrcodeeu/homepage/cmd/server/main.go:115.56,116.20 1 3
github.com/mrcodeeu/homepage/cmd/server/main.go:116.20,118.5 1 1
github.com/mrcodeeu/homepage/cmd/server/main.go:120.3,123.28 3 3
github.com/mrcodeeu/homepage/cmd/server/main.go:123.28,126.4 2 1
github.com/mrcodeeu/homepage/cmd/server/main.go:128.3,128.23 1 2
github.com/mrcodeeu/homepage/cmd/server/main.go:133.56,134.71 1 0
github.com/mrcodeeu/homepage/cmd/server/main.go:134.71,138.3 3 0
github.com/mrcodeeu/homepage/cmd/server/main.go:142.59,147.17 2 1
github.com/mrcodeeu/homepage/cmd/server/main.go:147.17,149.3 1 0
github.com/mrcodeeu/homepage/cmd/server/main.go:153.55,157.40 2 1
github.com/mrcodeeu/homepage/cmd/server/main.go:157.40,166.62 3 0
github.com/mrcodeeu/homepage/cmd/server/main.go:166.62,168.4 1 0
github.com/mrcodeeu/homepage/cmd/server/main.go:169.3,169.9 1 0
github.com/mrcodeeu/homepage/cmd/server/main.go:173.2,174.16 2 1
github.com/mrcodeeu/homepage/cmd/server/main.go:174.16,178.3 3 0
github.com/mrcodeeu/homepage/cmd/server/main.go:180.2,180.64 1 1
github.com/mrcodeeu/homepage/cmd/server/main.go:180.64,183.3 2 0
github.com/mrcodeeu/homepage/cmd/server/main.go:187.61,192.16 3 1
github.com/mrcodeeu/homepage/cmd/server/main.go:192.16,196.3 3 0
github.com/mrcodeeu/homepage/cmd/server/main.go:198.2,198.60 1 1
github.com/mrcodeeu/homepage/cmd/server/main.go:198.60,201.3 2 0
github.com/mrcodeeu/homepage/cmd/server/main.go:205.59,210.16 3 1
github.com/mrcodeeu/homepage/cmd/server/main.go:210.16,214.3 3 0
github.com/mrcodeeu/homepage/cmd/server/main.go:216.2,216.62 1 1
github.com/mrcodeeu/homepage/cmd/server/main.go:216.62,219.3 2 0
github.com/mrcodeeu/homepage/internal/storage/cache.go:39.55,41.51 1 6
github.com/mrcodeeu/homepage/internal/storage/cache.go:41.51,43.3 1 0
github.com/mrcodeeu/homepage/internal/storage/cache.go:45.2,47.8 1 6
github.com/mrcodeeu/homepage/internal/storage/cache.go:51.53,56.16 3 9
github.com/mrcodeeu/homepage/internal/storage/cache.go:56.16,57.25 1 5
github.com/mrcodeeu/homepage/internal/storage/cache.go:57.25,59.4 1 5
github.com/mrcodeeu/homepage/internal/storage/cache.go:60.3,60.63 1 0
github.com/mrcodeeu/homepage/internal/storage/cache.go:64.2,65.53 2 4
github.com/mrcodeeu/homepage/internal/storage/cache.go:65.53,67.86 1 0
github.com/mrcodeeu/homepage/internal/storage/cache.go:67.86,69.4 1 0
github.com/mrcodeeu/homepage/internal/storage/cache.go:70.3,70.18 1 0
github.com/mrcodeeu/homepage/internal/storage/cache.go:74.2,74.39 1 4
github.com/mrcodeeu/homepage/internal/storage/cache.go:74.39,76.86 1 1
github.com/mrcodeeu/homepage/internal/storage/cache.go:76.86,79.4 1 0
github.com/mrcodeeu/homepage/internal/storage/cache.go:80.3,80.18 1 1
github.com/mrcodeeu/homepage/internal/storage/cache.go:83.2,83.24 1 3
github.com/mrcodeeu/homepage/internal/storage/cache.go:87.75,95.16 3 6
github.com/mrcodeeu/homepage/internal/storage/cache.go:95.16,97.3 1 0
github.com/mrcodeeu/homepage/internal/storage/cache.go:100.2,101.64 2 6
github.com/mrcodeeu/homepage/internal/storage/cache.go:101.64,103.3 1 0
github.com/mrcodeeu/homepage/internal/storage/cache.go:105.2,105.12 1 6
github.com/mrcodeeu/homepage/internal/storage/cache.go:109.46,111.67 2 1
github.com/mrcodeeu/homepage/internal/storage/cache.go:111.67,113.3 1 0
github.com/mrcodeeu/homepage/internal/storage/cache.go:114.2,114.12 1 1
github.com/mrcodeeu/homepage/internal/storage/cache.go:118.35,121.16 2 1
github.com/mrcodeeu/homepage/internal/storage/cache.go:121.16,123.3 1 0
github.com/mrcodeeu/homepage/internal/storage/cache.go:125.2,125.32 1 1
github.com/mrcodeeu/homepage/internal/storage/cache.go:125.32,126.21 1 3
github.com/mrcodeeu/homepage/internal/storage/cache.go:126.21,128.46 2 3
github.com/mrcodeeu/homepage/internal/storage/cache.go:128.46,130.5 1 0
github.com/mrcodeeu/homepage/internal/storage/cache.go:134.2,134.12 1 1
github.com/mrcodeeu/homepage/internal/storage/cache.go:138.52,142.2 2 16
github.com/mrcodeeu/homepage/internal/storage/cache.go:145.37,148.24 2 23
github.com/mrcodeeu/homepage/internal/storage/cache.go:148.24,149.105 1 208
github.com/mrcodeeu/homepage/internal/storage/cache.go:149.105,151.4 1 204
github.com/mrcodeeu/homepage/internal/storage/cache.go:151.9,153.4 1 4
github.com/mrcodeeu/homepage/internal/storage/cache.go:155.2,155.13 1 23
github.com/mrcodeeu/homepage/internal/storage/loader.go:33.48,34.19 1 0
github.com/mrcodeeu/homepage/internal/storage/loader.go:34.19,36.3 1 0
github.com/mrcodeeu/homepage/internal/storage/loader.go:37.2,43.3 1 0
github.com/mrcodeeu/homepage/internal/storage/loader.go:47.65,49.2 1 0
github.com/mrcodeeu/homepage/internal/storage/loader.go:54.60,57.12 2 0
github.com/mrcodeeu/homepage/internal/storage/loader.go:57.12,59.54 1 0
github.com/mrcodeeu/homepage/internal/storage/loader.go:59.54,61.4 1 0
github.com/mrcodeeu/homepage/internal/storage/loader.go:64.3,70.7 5 0
github.com/mrcodeeu/homepage/internal/storage/loader.go:70.7,71.11 1 0
github.com/mrcodeeu/homepage/internal/storage/loader.go:72.20,74.26 2 0
github.com/mrcodeeu/homepage/internal/storage/loader.go:75.22,77.11 2 0
github.com/mrcodeeu/homepage/internal/storage/loader.go:84.42,88.29 3 0
github.com/mrcodeeu/homepage/internal/storage/loader.go:88.29,89.50 1 0
github.com/mrcodeeu/homepage/internal/storage/loader.go:89.50,91.4 1 0
github.com/mrcodeeu/homepage/internal/storage/loader.go:91.9,93.4 1 0
github.com/mrcodeeu/homepage/internal/storage/loader.go:96.2,96.84 1 0
github.com/mrcodeeu/homepage/internal/storage/loader.go:100.62,104.16 3 0
github.com/mrcodeeu/homepage/internal/storage/loader.go:104.16,106.3 1 0
github.com/mrcodeeu/homepage/internal/storage/loader.go:109.2,113.16 4 0
github.com/mrcodeeu/homepage/internal/storage/loader.go:113.16,115.3 1 0
github.com/mrcodeeu/homepage/internal/storage/loader.go:116.2,118.38 2 0
github.com/mrcodeeu/homepage/internal/storage/loader.go:118.38,120.3 1 0
github.com/mrcodeeu/homepage/internal/storage/loader.go:122.2,123.16 2 0
github.com/mrcodeeu/homepage/internal/storage/loader.go:123.16,125.3 1 0
github.com/mrcodeeu/homepage/internal/storage/loader.go:128.2,129.50 2 0
github.com/mrcodeeu/homepage/internal/storage/loader.go:129.50,131.3 1 0
github.com/mrcodeeu/homepage/internal/storage/loader.go:134.2,138.59 4 0
github.com/mrcodeeu/homepage/internal/storage/loader.go:138.59,140.3 1 0
github.com/mrcodeeu/homepage/internal/storage/loader.go:142.2,143.12 2 0
github.com/mrcodeeu/homepage/internal/storage/loader.go:147.56,152.60 4 0
github.com/mrcodeeu/homepage/internal/storage/loader.go:152.60,154.3 1 0
github.com/mrcodeeu/homepage/internal/storage/loader.go:155.2,155.26 1 0
github.com/mrcodeeu/homepage/internal/storage/loader.go:159.63,164.60 4 0
github.com/mrcodeeu/homepage/internal/storage/loader.go:164.60,166.3 1 0
github.com/mrcodeeu/homepage/internal/storage/loader.go:169.2,170.16 2 0
github.com/mrcodeeu/homepage/internal/storage/loader.go:170.16,172.3 1 0
github.com/mrcodeeu/homepage/internal/storage/loader.go:174.2,175.62 2 0
github.com/mrcodeeu/homepage/internal/storage/loader.go:175.62,177.3 1 0
github.com/mrcodeeu/homepage/internal/storage/loader.go:179.2,179.25 1 0
github.com/mrcodeeu/homepage/internal/storage/loader.go:183.67,188.62 4 0
github.com/mrcodeeu/homepage/internal/storage/loader.go:188.62,190.3 1 0
github.com/mrcodeeu/homepage/internal/storage/loader.go:193.2,194.16 2 0
github.com/mrcodeeu/homepage/internal/storage/loader.go:194.16,196.3 1 0
github.com/mrcodeeu/homepage/internal/storage/loader.go:198.2,199.64 2 0
github.com/mrcodeeu/homepage/internal/storage/loader.go:199.64,201.3 1 0
github.com/mrcodeeu/homepage/internal/storage/loader.go:203.2,203.27 1 0
github.com/mrcodeeu/homepage/internal/storage/loader.go:207.69,211.16 3 0
github.com/mrcodeeu/homepage/internal/storage/loader.go:211.16,212.25 1 0
github.com/mrcodeeu/homepage/internal/storage/loader.go:212.25,214.4 1 0
github.com/mrcodeeu/homepage/internal/storage/loader.go:215.3,215.65 1 0
github.com/mrcodeeu/homepage/internal/storage/loader.go:218.2,218.48 1 0
github.com/mrcodeeu/homepage/internal/storage/loader.go:218.48,220.3 1 0
github.com/mrcodeeu/homepage/internal/storage/loader.go:222.2,222.12 1 0
github.com/mrcodeeu/homepage/internal/storage/loader.go:226.53,233.2 5 0
github.com/mrcodeeu/homepage/cmd/generate/main.go:31.13,36.14 3 0
github.com/mrcodeeu/homepage/cmd/generate/main.go:36.14,40.3 3 0
github.com/mrcodeeu/homepage/cmd/generate/main.go:43.2,43.54 1 0
github.com/mrcodeeu/homepage/cmd/generate/main.go:43.54,45.3 1 0
github.com/mrcodeeu/homepage/cmd/generate/main.go:48.2,52.62 3 0
github.com/mrcodeeu/homepage/cmd/generate/main.go:52.62,54.3 1 0
github.com/mrcodeeu/homepage/cmd/generate/main.go:56.2,57.16 2 0
github.com/mrcodeeu/homepage/cmd/generate/main.go:57.16,59.3 1 0
github.com/mrcodeeu/homepage/cmd/generate/main.go:61.2,61.14 1 0
github.com/mrcodeeu/homepage/cmd/generate/main.go:61.14,63.3 1 0
github.com/mrcodeeu/homepage/cmd/generate/main.go:66.2,77.30 4 0
github.com/mrcodeeu/homepage/cmd/generate/main.go:77.30,78.64 1 0
github.com/mrcodeeu/homepage/cmd/generate/main.go:78.64,81.4 2 0
github.com/mrcodeeu/homepage/cmd/generate/main.go:81.9,81.22 1 0
github.com/mrcodeeu/homepage/cmd/generate/main.go:81.22,83.4 1 0
github.com/mrcodeeu/homepage/cmd/generate/main.go:87.2,87.30 1 0
github.com/mrcodeeu/homepage/cmd/generate/main.go:87.30,88.64 1 0
github.com/mrcodeeu/homepage/cmd/generate/main.go:88.64,91.4 2 0
github.com/mrcodeeu/homepage/cmd/generate/main.go:91.9,91.22 1 0
github.com/mrcodeeu/homepage/cmd/generate/main.go:91.22,93.4 1 0
github.com/mrcodeeu/homepage/cmd/generate/main.go:97.2,97.32 1 0
github.com/mrcodeeu/homepage/cmd/generate/main.go:97.32,98.66 1 0
github.com/mrcodeeu/homepage/cmd/generate/main.go:98.66,101.4 2 0
github.com/mrcodeeu/homepage/cmd/generate/main.go:101.9,101.22 1 0
github.com/mrcodeeu/homepage/cmd/generate/main.go:101.22,103.4 1 0
github.com/mrcodeeu/homepage/cmd/generate/main.go:106.2,106.14 1 0
github.com/mrcodeeu/homepage/cmd/generate/main.go:106.14,108.3 1 0
github.com/mrcodeeu/homepage/cmd/generate/main.go:111.2,111.15 1 0
github.com/mrcodeeu/homepage/cmd/generate/main.go:111.15,114.3 2 0
github.com/mrcodeeu/homepage/cmd/generate/main.go:117.86,120.30 2 0
github.com/mrcodeeu/homepage/cmd/generate/main.go:120.30,124.3 3 0
github.com/mrcodeeu/homepage/cmd/generate/main.go:126.2,126.27 1 0
github.com/mrcodeeu/homepage/cmd/generate/main.go:126.27,129.3 2 0
github.com/mrcodeeu/homepage/cmd/generate/main.go:131.2,136.16 5 0
github.com/mrcodeeu/homepage/cmd/generate/main.go:136.16,138.3 1 0
github.com/mrcodeeu/homepage/cmd/generate/main.go:140.2,147.67 2 0
github.com/mrcodeeu/homepage/cmd/generate/main.go:150.86,153.94 2 0
github.com/mrcodeeu/homepage/cmd/generate/main.go:153.94,160.3 6 0
github.com/mrcodeeu/homepage/cmd/generate/main.go:162.2,171.16 4 0
github.com/mrcodeeu/homepage/cmd/generate/main.go:171.16,173.3 1 0
github.com/mrcodeeu/homepage/cmd/generate/main.go:175.2,182.67 2 0
github.com/mrcodeeu/homepage/cmd/generate/main.go:185.88,186.59 1 0
github.com/mrcodeeu/homepage/cmd/generate/main.go:186.59,188.3 1 0
github.com/mrcodeeu/homepage/cmd/generate/main.go:190.2,200.16 4 0
github.com/mrcodeeu/homepage/cmd/generate/main.go:200.16,204.3 2 0
github.com/mrcodeeu/homepage/cmd/generate/main.go:206.2,213.69 2 0
github.com/mrcodeeu/homepage/cmd/generate/main.go:216.55,245.2 1 0
github.com/mrcodeeu/homepage/cmd/generate/main.go:247.56,249.16 2 0
github.com/mrcodeeu/homepage/cmd/generate/main.go:249.16,251.3 1 0
github.com/mrcodeeu/homepage/cmd/generate/main.go:252.2,252.15 1 0
github.com/mrcodeeu/homepage/cmd/generate/main.go:252.15,253.48 1 0
github.com/mrcodeeu/homepage/cmd/generate/main.go:253.48,255.4 1 0
github.com/mrcodeeu/homepage/cmd/generate/main.go:258.2,260.45 3 0
github.com/mrcodeeu/homepage/cmd/generate/main.go:260.45,262.3 1 0
github.com/mrcodeeu/homepage/cmd/generate/main.go:264.2,265.12 2 0
github.com/mrcodeeu/homepage/internal/scrapers/github.go:33.83,35.51 1 7
github.com/mrcodeeu/homepage/internal/scrapers/github.go:35.51,37.3 1 0
github.com/mrcodeeu/homepage/internal/scrapers/github.go:39.2,47.3 1 7
github.com/mrcodeeu/homepage/internal/scrapers/github.go:51.46,52.20 1 7
github.com/mrcodeeu/homepage/internal/scrapers/github.go:52.20,54.3 1 0
github.com/mrcodeeu/homepage/internal/scrapers/github.go:55.2,56.14 2 7
github.com/mrcodeeu/homepage/internal/scrapers/github.go:56.14,58.3 1 0
github.com/mrcodeeu/homepage/internal/scrapers/github.go:59.2,59.12 1 7
github.com/mrcodeeu/homepage/internal/scrapers/github.go:63.39,65.2 1 3
github.com/mrcodeeu/homepage/internal/scrapers/github.go:109.50,112.16 2 2
github.com/mrcodeeu/homepage/internal/scrapers/github.go:112.16,114.3 1 0
github.com/mrcodeeu/homepage/internal/scrapers/github.go:116.2,116.19 1 2
github.com/mrcodeeu/homepage/internal/scrapers/github.go:116.19,118.59 2 1
github.com/mrcodeeu/homepage/internal/scrapers/github.go:118.59,121.4 1 0
github.com/mrcodeeu/homepage/internal/scrapers/github.go:122.3,122.23 1 1
github.com/mrcodeeu/homepage/internal/scrapers/github.go:126.2,126.20 1 1
github.com/mrcodeeu/homepage/internal/scrapers/github.go:130.47,135.16 3 3
github.com/mrcodeeu/homepage/internal/scrapers/github.go:135.16,137.3 1 3
github.com/mrcodeeu/homepage/internal/scrapers/github.go:139.2,143.29 3 0
github.com/mrcodeeu/homepage/internal/scrapers/github.go:143.29,147.19 2 0
github.com/mrcodeeu/homepage/internal/scrapers/github.go:147.19,149.12 2 0
github.com/mrcodeeu/homepage/internal/scrapers/github.go:153.3,155.17 3 0
github.com/mrcodeeu/homepage/internal/scrapers/github.go:155.17,158.12 2 0
github.com/mrcodeeu/homepage/internal/scrapers/github.go:161.3,161.17 1 0
github.com/mrcodeeu/homepage/internal/scrapers/github.go:161.17,162.12 1 0
github.com/mrcodeeu/homepage/internal/scrapers/github.go:166.3,182.33 3 0
github.com/mrcodeeu/homepage/internal/scrapers/github.go:182.33,184.4 1 0
github.com/mrcodeeu/homepage/internal/scrapers/github.go:187.3,190.39 2 0
github.com/mrcodeeu/homepage/internal/scrapers/github.go:190.39,192.4 1 0
github.com/mrcodeeu/homepage/internal/scrapers/github.go:195.3,196.17 2 0
github.com/mrcodeeu/homepage/internal/scrapers/github.go:196.17,199.4 2 0
github.com/mrcodeeu/homepage/internal/scrapers/github.go:202.3,206.39 4 0
github.com/mrcodeeu/homepage/internal/scrapers/github.go:209.2,210.22 2 0
github.com/mrcodeeu/homepage/internal/scrapers/github.go:214.48,216.16 2 2
github.com/mrcodeeu/homepage/internal/scrapers/github.go:216.16,218.3 1 2
github.com/mrcodeeu/homepage/internal/scrapers/github.go:221.2,222.16 2 0
github.com/mrcodeeu/homepage/internal/scrapers/github.go:222.16,224.3 1 0
github.com/mrcodeeu/homepage/internal/scrapers/github.go:226.2,226.70 1 0
github.com/mrcodeeu/homepage/internal/scrapers/github.go:226.70,229.3 1 0
github.com/mrcodeeu/homepage/internal/scrapers/github.go:231.2,231.22 1 0
github.com/mrcodeeu/homepage/internal/scrapers/github.go:235.67,239.16 3 3
github.com/mrcodeeu/homepage/internal/scrapers/github.go:239.16,241.3 1 0
github.com/mrcodeeu/homepage/internal/scrapers/github.go:244.2,244.19 1 3
github.com/mrcodeeu/homepage/internal/scrapers/github.go:244.19,246.3 1 3
github.com/mrcodeeu/homepage/internal/scrapers/github.go:247.2,250.16 3 3
github.com/mrcodeeu/homepage/internal/scrapers/github.go:250.16,252.3 1 0
github.com/mrcodeeu/homepage/internal/scrapers/github.go:253.2,253.15 1 3
github.com/mrcodeeu/homepage/internal/scrapers/github.go:253.15,254.53 1 3
github.com/mrcodeeu/homepage/internal/scrapers/github.go:254.53,256.4 1 0
github.com/mrcodeeu/homepage/internal/scrapers/github.go:259.2,259.38 1 3
github.com/mrcodeeu/homepage/internal/scrapers/github.go:259.38,261.21 2 3
github.com/mrcodeeu/homepage/internal/scrapers/github.go:261.21,263.4 1 0
github.com/mrcodeeu/homepage/internal/scrapers/github.go:264.3,264.93 1 3
github.com/mrcodeeu/homepage/internal/scrapers/github.go:267.2,268.66 2 0
github.com/mrcodeeu/homepage/internal/scrapers/github.go:268.66,270.3 1 0
github.com/mrcodeeu/homepage/internal/scrapers/github.go:272.2,272.19 1 0
github.com/mrcodeeu/homepage/internal/scrapers/github.go:276.96,279.16 2 0
github.com/mrcodeeu/homepage/internal/scrapers/github.go:279.16,283.86 3 0
github.com/mrcodeeu/homepage/internal/scrapers/github.go:283.86,287.4 2 0
github.com/mrcodeeu/homepage/internal/scrapers/github.go:288.3,289.29 2 0
github.com/mrcodeeu/homepage/internal/scrapers/github.go:293.2,295.22 3 0
github.com/mrcodeeu/homepage/internal/scrapers/github.go:295.22,299.3 1 0
github.com/mrcodeeu/homepage/internal/scrapers/github.go:302.2,305.20 3 0
github.com/mrcodeeu/homepage/internal/scrapers/github.go:305.20,308.3 2 0
github.com/mrcodeeu/homepage/internal/scrapers/github.go:310.2,310.20 1 0
github.com/mrcodeeu/homepage/internal/scrapers/github.go:310.20,313.3 2 0
github.com/mrcodeeu/homepage/internal/scrapers/github.go:315.2,316.40 2 0
github.com/mrcodeeu/homepage/internal/scrapers/github.go:320.85,324.16 3 0
github.com/mrcodeeu/homepage/internal/scrapers/github.go:324.16,326.3 1 0
github.com/mrcodeeu/homepage/internal/scrapers/github.go:328.2,328.19 1 0
github.com/mrcodeeu/homepage/internal/scrapers/github.go:328.19,330.3 1 0
github.com/mrcodeeu/homepage/internal/scrapers/github.go:331.2,334.16 3 0
github.com/mrcodeeu/homepage/internal/scrapers/github.go:334.16,336.3 1 0
github.com/mrcodeeu/homepage/internal/scrapers/github.go:337.2,337.15 1 0
github.com/mrcodeeu/homepage/internal/scrapers/github.go:337.15,338.53 1 0
github.com/mrcodeeu/homepage/internal/scrapers/github.go:338.53,340.4 1 0
github.com/mrcodeeu/homepage/internal/scrapers/github.go:343.2,343.44 1 0
github.com/mrcodeeu/homepage/internal/scrapers/github.go:343.44,345.3 1 0
github.com/mrcodeeu/homepage/internal/scrapers/github.go:347.2,347.38 1 0
github.com/mrcodeeu/homepage/internal/scrapers/github.go:347.38,349.3 1 0
github.com/mrcodeeu/homepage/internal/scrapers/github.go:351.2,352.16 2 0
github.com/mrcodeeu/homepage/internal/scrapers/github.go:352.16,354.3 1 0
github.com/mrcodeeu/homepage/internal/scrapers/github.go:356.2,356.26 1 0
github.com/mrcodeeu/homepage/internal/scrapers/github.go:360.70,364.38 2 0
github.com/mrcodeeu/homepage/internal/scrapers/github.go:364.38,366.17 2 0
github.com/mrcodeeu/homepage/internal/scrapers/github.go:366.17,368.4 1 0
github.com/mrcodeeu/homepage/internal/scrapers/github.go:371.2,371.43 1 0
github.com/mrcodeeu/homepage/internal/scrapers/github.go:375.84,377.16 2 0
github.com/mrcodeeu/homepage/internal/scrapers/github.go:377.16,379.3 1 0
github.com/mrcodeeu/homepage/internal/scrapers/github.go:382.2,386.32 4 0
github.com/mrcodeeu/homepage/internal/scrapers/github.go:386.32,387.21 1 0
github.com/mrcodeeu/homepage/internal/scrapers/github.go:387.21,390.4 2 0
github.com/mrcodeeu/homepage/internal/scrapers/github.go:393.2,393.20 1 0
github.com/mrcodeeu/homepage/internal/scrapers/github.go:397.77,399.87 1 6
github.com/mrcodeeu/homepage/internal/scrapers/github.go:399.87,401.3 1 2
github.com/mrcodeeu/homepage/internal/scrapers/github.go:404.2,411.35 3 4
github.com/mrcodeeu/homepage/internal/scrapers/github.go:415.50,419.29 3 4
github.com/mrcodeeu/homepage/internal/scrapers/github.go:419.29,420.18 1 12
github.com/mrcodeeu/homepage/internal/scrapers/github.go:420.18,423.4 2 8
github.com/mrcodeeu/homepage/internal/scrapers/github.go:426.2,426.15 1 4
github.com/mrcodeeu/homepage/internal/scrapers/github.go:430.39,446.38 3 28
github.com/mrcodeeu/homepage/internal/scrapers/github.go:446.38,449.49 1 197
github.com/mrcodeeu/homepage/internal/scrapers/github.go:449.49,451.4 1 12
github.com/mrcodeeu/homepage/internal/scrapers/github.go:453.3,455.44 1 185
github.com/mrcodeeu/homepage/internal/scrapers/github.go:455.44,457.4 1 3
github.com/mrcodeeu/homepage/internal/scrapers/github.go:459.2,459.14 1 13
github.com/mrcodeeu/homepage/internal/scrapers/github.go:463.89,466.29 3 5
github.com/mrcodeeu/homepage/internal/scrapers/github.go:466.29,467.22 1 11
github.com/mrcodeeu/homepage/internal/scrapers/github.go:467.22,469.4 1 5
github.com/mrcodeeu/homepage/internal/scrapers/github.go:469.9,471.4 1 6
github.com/mrcodeeu/homepage/internal/scrapers/github.go:473.2,473.30 1 5
github.com/mrcodeeu/homepage/internal/scrapers/linkedin.go:53.111,63.2 1 0
github.com/mrcodeeu/homepage/internal/scrapers/linkedin.go:67.52,68.20 1 0
github.com/mrcodeeu/homepage/internal/scrapers/linkedin.go:68.20,70.3 1 0
github.com/mrcodeeu/homepage/internal/scrapers/linkedin.go:73.2,73.42 1 0
github.com/mrcodeeu/homepage/internal/scrapers/linkedin.go:73.42,75.3 1 0
github.com/mrcodeeu/homepage/internal/scrapers/linkedin.go:78.2,83.16 3 0
github.com/mrcodeeu/homepage/internal/scrapers/linkedin.go:83.16,86.3 2 0
github.com/mrcodeeu/homepage/internal/scrapers/linkedin.go:87.2,87.15 1 0
github.com/mrcodeeu/homepage/internal/scrapers/linkedin.go:87.15,88.53 1 0
github.com/mrcodeeu/homepage/internal/scrapers/linkedin.go:88.53,90.4 1 0
github.com/mrcodeeu/homepage/internal/scrapers/linkedin.go:93.2,93.38 1 0
github.com/mrcodeeu/homepage/internal/scrapers/linkedin.go:93.38,96.3 2 0
github.com/mrcodeeu/homepage/internal/scrapers/linkedin.go:99.2,100.16 2 0
github.com/mrcodeeu/homepage/internal/scrapers/linkedin.go:100.16,103.3 2 0
github.com/mrcodeeu/homepage/internal/scrapers/linkedin.go:106.2,107.23 2 0
github.com/mrcodeeu/homepage/internal/scrapers/linkedin.go:107.23,109.3 1 0
github.com/mrcodeeu/homepage/internal/scrapers/linkedin.go:112.2,116.16 4 0
github.com/mrcodeeu/homepage/internal/scrapers/linkedin.go:120.41,122.2 1 0
github.com/mrcodeeu/homepage/internal/scrapers/linkedin.go:125.52,127.16 2 0
github.com/mrcodeeu/homepage/internal/scrapers/linkedin.go:127.16,129.3 1 0
github.com/mrcodeeu/homepage/internal/scrapers/linkedin.go:131.2,131.19 1 0
github.com/mrcodeeu/homepage/internal/scrapers/linkedin.go:131.19,133.55 2 0
github.com/mrcodeeu/homepage/internal/scrapers/linkedin.go:133.55,135.4 1 0
github.com/mrcodeeu/homepage/internal/scrapers/linkedin.go:136.3,136.19 1 0
github.com/mrcodeeu/homepage/internal/scrapers/linkedin.go:139.2,139.20 1 0
github.com/mrcodeeu/homepage/internal/scrapers/linkedin.go:143.49,144.39 1 0
github.com/mrcodeeu/homepage/internal/scrapers/linkedin.go:144.39,146.3 1 0
github.com/mrcodeeu/homepage/internal/scrapers/linkedin.go:148.2,172.89 10 0
github.com/mrcodeeu/homepage/internal/scrapers/linkedin.go:172.89,175.3 1 0
github.com/mrcodeeu/homepage/internal/scrapers/linkedin.go:178.2,179.21 2 0
github.com/mrcodeeu/homepage/internal/scrapers/linkedin.go:179.21,182.96 2 0
github.com/mrcodeeu/homepage/internal/scrapers/linkedin.go:182.96,186.93 3 0
github.com/mrcodeeu/homepage/internal/scrapers/linkedin.go:186.93,190.19 3 0
github.com/mrcodeeu/homepage/internal/scrapers/linkedin.go:190.19,192.6 1 0
github.com/mrcodeeu/homepage/internal/scrapers/linkedin.go:193.5,194.21 2 0
github.com/mrcodeeu/homepage/internal/scrapers/linkedin.go:197.3,197.78 1 0
github.com/mrcodeeu/homepage/internal/scrapers/linkedin.go:201.2,201.37 1 0
github.com/mrcodeeu/homepage/internal/scrapers/linkedin.go:201.37,203.3 1 0
github.com/mrcodeeu/homepage/internal/scrapers/linkedin.go:204.2,213.16 5 0
github.com/mrcodeeu/homepage/internal/scrapers/linkedin.go:213.16,215.3 1 0
github.com/mrcodeeu/homepage/internal/scrapers/linkedin.go:217.2,218.18 2 0
github.com/mrcodeeu/homepage/internal/scrapers/linkedin.go:222.60,227.55 2 0
github.com/mrcodeeu/homepage/internal/scrapers/linkedin.go:227.55,229.18 2 0
github.com/mrcodeeu/homepage/internal/scrapers/linkedin.go:229.18,231.5 1 0
github.com/mrcodeeu/homepage/internal/scrapers/linkedin.go:233.4,233.30 1 0
github.com/mrcodeeu/homepage/internal/scrapers/linkedin.go:233.30,235.51 1 0
github.com/mrcodeeu/homepage/internal/scrapers/linkedin.go:235.51,246.6 1 0
github.com/mrcodeeu/homepage/internal/scrapers/linkedin.go:248.4,248.14 1 0
github.com/mrcodeeu/homepage/internal/scrapers/linkedin.go:252.2,252.16 1 0
github.com/mrcodeeu/homepage/internal/scrapers/linkedin.go:252.16,255.3 2 0
github.com/mrcodeeu/homepage/internal/scrapers/linkedin.go:258.2,258.25 1 0
github.com/mrcodeeu/homepage/internal/scrapers/linkedin.go:258.25,260.17 2 0
github.com/mrcodeeu/homepage/internal/scrapers/linkedin.go:260.17,263.4 2 0
github.com/mrcodeeu/homepage/internal/scrapers/linkedin.go:264.3,264.90 1 0
github.com/mrcodeeu/homepage/internal/scrapers/linkedin.go:264.90,266.4 1 0
github.com/mrcodeeu/homepage/internal/scrapers/linkedin.go:266.9,268.4 1 0
github.com/mrcodeeu/homepage/internal/scrapers/linkedin.go:273.68,275.33 2 0
github.com/mrcodeeu/homepage/internal/scrapers/linkedin.go:275.33,277.3 1 0
github.com/mrcodeeu/homepage/internal/scrapers/linkedin.go:279.2,280.57 2 0
github.com/mrcodeeu/homepage/internal/scrapers/linkedin.go:280.57,283.3 2 0
github.com/mrcodeeu/homepage/internal/scrapers/linkedin.go:285.2,285.23 1 0
github.com/mrcodeeu/homepage/internal/scrapers/linkedin.go:285.23,287.3 1 0
github.com/mrcodeeu/homepage/internal/scrapers/linkedin.go:290.2,291.55 1 0
github.com/mrcodeeu/homepage/internal/scrapers/linkedin.go:291.55,292.30 1 0
github.com/mrcodeeu/homepage/internal/scrapers/linkedin.go:292.30,295.23 2 0
github.com/mrcodeeu/homepage/internal/scrapers/linkedin.go:296.19,297.45 1 0
github.com/mrcodeeu/homepage/internal/scrapers/linkedin.go:298.16,299.42 1 0
github.com/mrcodeeu/homepage/internal/scrapers/linkedin.go:300.17,301.43 1 0
github.com/mrcodeeu/homepage/internal/scrapers/linkedin.go:302.13,303.42 1 0
github.com/mrcodeeu/homepage/internal/scrapers/linkedin.go:306.5,313.19 2 0
github.com/mrcodeeu/homepage/internal/scrapers/linkedin.go:313.19,315.6 1 0
github.com/mrcodeeu/homepage/internal/scrapers/linkedin.go:317.4,317.14 1 0
github.com/mrcodeeu/homepage/internal/scrapers/linkedin.go:321.2,321.16 1 0
github.com/mrcodeeu/homepage/internal/scrapers/linkedin.go:321.16,324.3 2 0
github.com/mrcodeeu/homepage/internal/scrapers/linkedin.go:326.2,327.13 2 0
github.com/mrcodeeu/homepage/internal/scrapers/linkedin.go:331.50,333.16 2 0
github.com/mrcodeeu/homepage/internal/scrapers/linkedin.go:333.16,335.3 1 0
github.com/mrcodeeu/homepage/internal/scrapers/linkedin.go:338.2,339.16 2 0
github.com/mrcodeeu/homepage/internal/scrapers/linkedin.go:339.16,341.3 1 0
github.com/mrcodeeu/homepage/internal/scrapers/linkedin.go:343.2,343.76 1 0
github.com/mrcodeeu/homepage/internal/scrapers/linkedin.go:343.76,345.3 1 0
github.com/mrcodeeu/homepage/internal/scrapers/linkedin.go:347.2,347.18 1 0
github.com/mrcodeeu/homepage/internal/scrapers/linkedin.go:351.60,358.16 2 0
github.com/mrcodeeu/homepage/internal/scrapers/linkedin.go:358.16,360.3 1 0
github.com/mrcodeeu/homepage/internal/scrapers/linkedin.go:362.2,369.16 2 0
github.com/mrcodeeu/homepage/internal/scrapers/linkedin.go:369.16,371.3 1 0
github.com/mrcodeeu/homepage/internal/scrapers/linkedin.go:374.2,379.16 2 0
github.com/mrcodeeu/homepage/internal/scrapers/linkedin.go:379.16,383.94 3 0
github.com/mrcodeeu/homepage/internal/scrapers/linkedin.go:383.94,385.4 1 0
github.com/mrcodeeu/homepage/internal/scrapers/linkedin.go:386.3,386.54 1 0
github.com/mrcodeeu/homepage/internal/scrapers/linkedin.go:390.2,393.41 2 0
github.com/mrcodeeu/homepage/internal/scrapers/linkedin.go:393.41,395.3 1 0
github.com/mrcodeeu/homepage/internal/scrapers/linkedin.go:398.2,400.12 2 0
github.com/mrcodeeu/homepage/internal/scrapers/linkedin.go:404.64,407.74 2 0
github.com/mrcodeeu/homepage/internal/scrapers/linkedin.go:407.74,409.3 1 0
github.com/mrcodeeu/homepage/internal/scrapers/linkedin.go:411.2,418.16 3 0
github.com/mrcodeeu/homepage/internal/scrapers/linkedin.go:418.16,428.22 3 0
github.com/mrcodeeu/homepage/internal/scrapers/linkedin.go:428.22,431.4 2 0
github.com/mrcodeeu/homepage/internal/scrapers/linkedin.go:434.2,437.24 2 0
github.com/mrcodeeu/homepage/internal/scrapers/linkedin.go:437.24,439.3 1 0
github.com/mrcodeeu/homepage/internal/scrapers/linkedin.go:442.2,443.16 2 0
github.com/mrcodeeu/homepage/internal/scrapers/linkedin.go:443.16,445.3 1 0
github.com/mrcodeeu/homepage/internal/scrapers/linkedin.go:447.2,462.40 4 0
github.com/mrcodeeu/homepage/internal/scrapers/linkedin.go:462.40,466.27 2 0
github.com/mrcodeeu/homepage/internal/scrapers/linkedin.go:466.27,469.9 3 0
github.com/mrcodeeu/homepage/internal/scrapers/linkedin.go:473.2,473.25 1 0
github.com/mrcodeeu/homepage/internal/scrapers/linkedin.go:473.25,476.41 2 0
github.com/mrcodeeu/homepage/internal/scrapers/linkedin.go:476.41,480.28 2 0
github.com/mrcodeeu/homepage/internal/scrapers/linkedin.go:480.28,483.10 3 0
github.com/mrcodeeu/homepage/internal/scrapers/linkedin.go:488.2,488.25 1 0
github.com/mrcodeeu/homepage/internal/scrapers/linkedin.go:488.25,490.3 1 0
github.com/mrcodeeu/homepage/internal/scrapers/linkedin.go:493.2,497.16 2 0
github.com/mrcodeeu/homepage/internal/scrapers/linkedin.go:497.16,499.3 1 0
github.com/mrcodeeu/homepage/internal/scrapers/linkedin.go:502.2,511.43 3 0
github.com/mrcodeeu/homepage/internal/scrapers/linkedin.go:511.43,515.23 2 0
github.com/mrcodeeu/homepage/internal/scrapers/linkedin.go:515.23,517.9 2 0
github.com/mrcodeeu/homepage/internal/scrapers/linkedin.go:521.2,521.22 1 0
github.com/mrcodeeu/homepage/internal/scrapers/linkedin.go:521.22,526.17 2 0
github.com/mrcodeeu/homepage/internal/scrapers/linkedin.go:526.17,528.4 1 0
github.com/mrcodeeu/homepage/internal/scrapers/linkedin.go:532.2,536.74 3 0
github.com/mrcodeeu/homepage/internal/scrapers/linkedin.go:536.74,538.3 1 0
github.com/mrcodeeu/homepage/internal/scrapers/linkedin.go:540.2,540.93 1 0
github.com/mrcodeeu/homepage/internal/scrapers/linkedin.go:540.93,542.3 1 0
github.com/mrcodeeu/homepage/internal/scrapers/linkedin.go:544.2,545.12 2 0
github.com/mrcodeeu/homepage/internal/scrapers/linkedin.go:549.97,556.16 2 0
github.com/mrcodeeu/homepage/internal/scrapers/linkedin.go:556.16,558.3 1 0
github.com/mrcodeeu/homepage/internal/scrapers/linkedin.go:561.2,564.25 2 0
github.com/mrcodeeu/homepage/internal/scrapers/linkedin.go:564.25,569.3 2 0
github.com/mrcodeeu/homepage/internal/scrapers/linkedin.go:572.2,585.52 4 0
github.com/mrcodeeu/homepage/internal/scrapers/linkedin.go:585.52,587.3 1 0
github.com/mrcodeeu/homepage/internal/scrapers/linkedin.go:590.2,590.55 1 0
github.com/mrcodeeu/homepage/internal/scrapers/linkedin.go:590.55,592.3 1 0
github.com/mrcodeeu/homepage/internal/scrapers/linkedin.go:595.2,595.54 1 0
github.com/mrcodeeu/homepage/internal/scrapers/linkedin.go:595.54,597.3 1 0
github.com/mrcodeeu/homepage/internal/scrapers/linkedin.go:600.2,600.51 1 0
github.com/mrcodeeu/homepage/internal/scrapers/linkedin.go:600.51,602.3 1 0
github.com/mrcodeeu/homepage/internal/scrapers/linkedin.go:604.2,604.18 1 0
github.com/mrcodeeu/homepage/internal/scrapers/linkedin.go:608.96,613.30 2 0
github.com/mrcodeeu/homepage/internal/scrapers/linkedin.go:613.30,615.3 1 0
github.com/mrcodeeu/homepage/internal/scrapers/linkedin.go:618.2,621.34 2 0
github.com/mrcodeeu/homepage/internal/scrapers/linkedin.go:621.34,623.3 1 0
github.com/mrcodeeu/homepage/internal/scrapers/linkedin.go:626.2,629.34 2 0
github.com/mrcodeeu/homepage/internal/scrapers/linkedin.go:629.34,631.3 1 0
github.com/mrcodeeu/homepage/internal/scrapers/linkedin.go:634.2,637.33 2 0
github.com/mrcodeeu/homepage/internal/scrapers/linkedin.go:637.33,639.3 1 0
github.com/mrcodeeu/homepage/internal/scrapers/linkedin.go:642.2,645.34 2 0
github.com/mrcodeeu/homepage/internal/scrapers/linkedin.go:645.34,647.3 1 0
github.com/mrcodeeu/homepage/internal/scrapers/linkedin.go:649.2,650.12 2 0
github.com/mrcodeeu/homepage/internal/scrapers/linkedin.go:654.99,799.16 5 0
github.com/mrcodeeu/homepage/internal/scrapers/linkedin.go:799.16,802.3 2 0
github.com/mrcodeeu/homepage/internal/scrapers/linkedin.go:804.2,814.80 2 0
github.com/mrcodeeu/homepage/internal/scrapers/linkedin.go:814.80,817.3 2 0
github.com/mrcodeeu/homepage/internal/scrapers/linkedin.go:819.2,824.37 3 0
github.com/mrcodeeu/homepage/internal/scrapers/linkedin.go:824.37,826.52 1 0
github.com/mrcodeeu/homepage/internal/scrapers/linkedin.go:826.52,828.12 2 0
github.com/mrcodeeu/homepage/internal/scrapers/linkedin.go:832.3,833.16 2 0
github.com/mrcodeeu/homepage/internal/scrapers/linkedin.go:833.16,834.12 1 0
github.com/mrcodeeu/homepage/internal/scrapers/linkedin.go:836.3,851.22 5 0
github.com/mrcodeeu/homepage/internal/scrapers/linkedin.go:851.22,854.4 2 0
github.com/mrcodeeu/homepage/internal/scrapers/linkedin.go:857.2,857.31 1 0
github.com/mrcodeeu/homepage/internal/scrapers/linkedin.go:857.31,859.3 1 0
github.com/mrcodeeu/homepage/internal/scrapers/linkedin.go:861.2,861.12 1 0
github.com/mrcodeeu/homepage/internal/scrapers/linkedin.go:865.98,964.16 5 0
github.com/mrcodeeu/homepage/internal/scrapers/linkedin.go:964.16,967.3 2 0
github.com/mrcodeeu/homepage/internal/scrapers/linkedin.go:969.2,978.77 2 0
github.com/mrcodeeu/homepage/internal/scrapers/linkedin.go:978.77,981.3 2 0
github.com/mrcodeeu/homepage/internal/scrapers/linkedin.go:983.2,988.35 3 0
github.com/mrcodeeu/homepage/internal/scrapers/linkedin.go:988.35,991.16 2 0
github.com/mrcodeeu/homepage/internal/scrapers/linkedin.go:991.16,992.12 1 0
github.com/mrcodeeu/homepage/internal/scrapers/linkedin.go:994.3,1008.23 5 0
github.com/mrcodeeu/homepage/internal/scrapers/linkedin.go:1008.23,1011.4 2 0
github.com/mrcodeeu/homepage/internal/scrapers/linkedin.go:1014.2,1014.30 1 0
github.com/mrcodeeu/homepage/internal/scrapers/linkedin.go:1014.30,1016.3 1 0
github.com/mrcodeeu/homepage/internal/scrapers/linkedin.go:1018.2,1018.12 1 0
github.com/mrcodeeu/homepage/internal/scrapers/linkedin.go:1022.95,1089.16 5 0
github.com/mrcodeeu/homepage/internal/scrapers/linkedin.go:1089.16,1092.3 2 0
github.com/mrcodeeu/homepage/internal/scrapers/linkedin.go:1094.2,1095.71 2 0
github.com/mrcodeeu/homepage/internal/scrapers/linkedin.go:1095.71,1098.3 2 0
github.com/mrcodeeu/homepage/internal/scrapers/linkedin.go:1100.2,1102.34 2 0
github.com/mrcodeeu/homepage/internal/scrapers/linkedin.go:1102.34,1103.51 1 0
github.com/mrcodeeu/homepage/internal/scrapers/linkedin.go:1103.51,1105.4 1 0
github.com/mrcodeeu/homepage/internal/scrapers/linkedin.go:1108.2,1108.27 1 0
github.com/mrcodeeu/homepage/internal/scrapers/linkedin.go:1108.27,1110.3 1 0
github.com/mrcodeeu/homepage/internal/scrapers/linkedin.go:1112.2,1112.12 1 0
github.com/mrcodeeu/homepage/internal/scrapers/linkedin.go:1150.75,1152.21 2 0
github.com/mrcodeeu/homepage/internal/scrapers/linkedin.go:1152.21,1154.3 1 0
github.com/mrcodeeu/homepage/internal/scrapers/linkedin.go:1157.2,1157.56 1 0
github.com/mrcodeeu/homepage/internal/scrapers/linkedin.go:1157.56,1159.3 1 0
github.com/mrcodeeu/homepage/internal/scrapers/linkedin.go:1162.2,1168.53 4 0
github.com/mrcodeeu/homepage/internal/scrapers/linkedin.go:1168.53,1171.3 2 0
github.com/mrcodeeu/homepage/internal/scrapers/linkedin.go:1171.8,1173.3 1 0
github.com/mrcodeeu/homepage/internal/scrapers/linkedin.go:1176.2,1179.19 2 0
github.com/mrcodeeu/homepage/internal/scrapers/linkedin.go:1179.19,1181.99 2 0
github.com/mrcodeeu/homepage/internal/scrapers/linkedin.go:1181.99,1183.4 1 0
github.com/mrcodeeu/homepage/internal/scrapers/linkedin.go:1183.9,1185.4 1 0
github.com/mrcodeeu/homepage/internal/scrapers/linkedin.go:1188.2,1188.27 1 0
github.com/mrcodeeu/homepage/internal/scrapers/linkedin.go:1192.47,1194.19 2 0
github.com/mrcodeeu/homepage/internal/scrapers/linkedin.go:1194.19,1196.3 1 0
github.com/mrcodeeu/homepage/internal/scrapers/linkedin.go:1199.2,1201.21 3 0
github.com/mrcodeeu/homepage/internal/scrapers/linkedin.go:1201.21,1203.3 1 0
github.com/mrcodeeu/homepage/internal/scrapers/linkedin.go:1206.2,1209.50 2 0
github.com/mrcodeeu/homepage/internal/scrapers/linkedin.go:1209.50,1210.45 1 0
github.com/mrcodeeu/homepage/internal/scrapers/linkedin.go:1210.45,1212.4 1 0
github.com/mrcodeeu/homepage/internal/scrapers/linkedin.go:1216.2,1216.51 1 0
github.com/mrcodeeu/homepage/internal/scrapers/linkedin.go:1216.51,1217.45 1 0
github.com/mrcodeeu/homepage/internal/scrapers/linkedin.go:1217.45,1219.4 1 0
github.com/mrcodeeu/homepage/internal/scrapers/linkedin.go:1223.2,1223.18 1 0
github.com/mrcodeeu/homepage/internal/scrapers/linkedin.go:1227.48,1228.29 1 0
github.com/mrcodeeu/homepage/internal/scrapers/linkedin.go:1228.29,1229.18 1 0
github.com/mrcodeeu/homepage/internal/scrapers/linkedin.go:1229.18,1231.4 1 0
github.com/mrcodeeu/homepage/internal/scrapers/linkedin.go:1233.2,1233.14 1 0
github.com/mrcodeeu/homepage/internal/scrapers/linkedin.go:1237.70,1239.16 2 0
github.com/mrcodeeu/homepage/internal/scrapers/linkedin.go:1239.16,1241.3 1 0
github.com/mrcodeeu/homepage/internal/scrapers/linkedin.go:1243.2,1243.76 1 0
github.com/mrcodeeu/homepage/internal/scrapers/linkedin.go:1243.76,1245.3 1 0
github.com/mrcodeeu/homepage/internal/scrapers/linkedin.go:1247.2,1247.12 1 0
github.com/mrcodeeu/homepage/internal/scrapers/linkedin.go:1251.54,1253.2 1 0
github.com/mrcodeeu/homepage/internal/scrapers/linkedin.go:1256.51,1259.22 3 0
github.com/mrcodeeu/homepage/internal/scrapers/linkedin.go:1259.22,1261.3 1 0
github.com/mrcodeeu/homepage/internal/scrapers/linkedin.go:1262.2,1262.11 1 0
github.com/mrcodeeu/homepage/internal/scrapers/strava.go:38.104,49.2 1 0
github.com/mrcodeeu/homepage/internal/scrapers/strava.go:52.39,54.2 1 0
github.com/mrcodeeu/homepage/internal/scrapers/strava.go:99.50,101.16 2 0
github.com/mrcodeeu/homepage/internal/scrapers/strava.go:101.16,103.3 1 0
github.com/mrcodeeu/homepage/internal/scrapers/strava.go:105.2,105.19 1 0
github.com/mrcodeeu/homepage/internal/scrapers/strava.go:105.19,107.55 2 0
github.com/mrcodeeu/homepage/internal/scrapers/strava.go:107.55,109.4 1 0
github.com/mrcodeeu/homepage/internal/scrapers/strava.go:110.3,110.19 1 0
github.com/mrcodeeu/homepage/internal/scrapers/strava.go:113.2,113.20 1 0
github.com/mrcodeeu/homepage/internal/scrapers/strava.go:117.47,122.46 3 0
github.com/mrcodeeu/homepage/internal/scrapers/strava.go:122.46,124.3 1 0
github.com/mrcodeeu/homepage/internal/scrapers/strava.go:125.2,130.16 4 0
github.com/mrcodeeu/homepage/internal/scrapers/strava.go:130.16,132.3 1 0
github.com/mrcodeeu/homepage/internal/scrapers/strava.go:133.2,138.16 4 0
github.com/mrcodeeu/homepage/internal/scrapers/strava.go:138.16,140.3 1 0
github.com/mrcodeeu/homepage/internal/scrapers/strava.go:141.2,184.20 15 0
github.com/mrcodeeu/homepage/internal/scrapers/strava.go:188.48,190.16 2 0
github.com/mrcodeeu/homepage/internal/scrapers/strava.go:190.16,192.3 1 0
github.com/mrcodeeu/homepage/internal/scrapers/strava.go:195.2,196.16 2 0
github.com/mrcodeeu/homepage/internal/scrapers/strava.go:196.16,198.3 1 0
github.com/mrcodeeu/homepage/internal/scrapers/strava.go:200.2,200.74 1 0
github.com/mrcodeeu/homepage/internal/scrapers/strava.go:200.74,202.3 1 0
github.com/mrcodeeu/homepage/internal/scrapers/strava.go:204.2,204.18 1 0
github.com/mrcodeeu/homepage/internal/scrapers/strava.go:208.51,210.61 1 0
github.com/mrcodeeu/homepage/internal/scrapers/strava.go:210.61,212.3 1 0
github.com/mrcodeeu/homepage/internal/scrapers/strava.go:215.2,222.16 7 0
github.com/mrcodeeu/homepage/internal/scrapers/strava.go:222.16,224.3 1 0
github.com/mrcodeeu/homepage/internal/scrapers/strava.go:225.2,228.16 3 0
github.com/mrcodeeu/homepage/internal/scrapers/strava.go:228.16,230.3 1 0
github.com/mrcodeeu/homepage/internal/scrapers/strava.go:231.2,231.15 1 0
github.com/mrcodeeu/homepage/internal/scrapers/strava.go:231.15,232.53 1 0
github.com/mrcodeeu/homepage/internal/scrapers/strava.go:232.53,234.4 1 0
github.com/mrcodeeu/homepage/internal/scrapers/strava.go:237.2,237.38 1 0
github.com/mrcodeeu/homepage/internal/scrapers/strava.go:237.38,240.3 2 0
github.com/mrcodeeu/homepage/internal/scrapers/strava.go:242.2,243.66 2 0
github.com/mrcodeeu/homepage/internal/scrapers/strava.go:243.66,245.3 1 0
github.com/mrcodeeu/homepage/internal/scrapers/strava.go:247.2,251.30 3 0
github.com/mrcodeeu/homepage/internal/scrapers/strava.go:251.30,253.3 1 0
github.com/mrcodeeu/homepage/internal/scrapers/strava.go:255.2,255.12 1 0
github.com/mrcodeeu/homepage/internal/scrapers/strava.go:259.67,264.16 3 0
github.com/mrcodeeu/homepage/internal/scrapers/strava.go:264.16,266.3 1 0
github.com/mrcodeeu/homepage/internal/scrapers/strava.go:267.2,270.16 3 0
github.com/mrcodeeu/homepage/internal/scrapers/strava.go:270.16,272.3 1 0
github.com/mrcodeeu/homepage/internal/scrapers/strava.go:273.2,273.15 1 0
github.com/mrcodeeu/homepage/internal/scrapers/strava.go:273.15,274.53 1 0
github.com/mrcodeeu/homepage/internal/scrapers/strava.go:274.53,276.4 1 0
github.com/mrcodeeu/homepage/internal/scrapers/strava.go:279.2,279.38 1 0
github.com/mrcodeeu/homepage/internal/scrapers/strava.go:279.38,282.3 2 0
github.com/mrcodeeu/homepage/internal/scrapers/strava.go:284.2,287.68 2 0
github.com/mrcodeeu/homepage/internal/scrapers/strava.go:287.68,289.3 1 0
github.com/mrcodeeu/homepage/internal/scrapers/strava.go:292.2,294.16 3 0
github.com/mrcodeeu/homepage/internal/scrapers/strava.go:294.16,296.3 1 0
github.com/mrcodeeu/homepage/internal/scrapers/strava.go:297.2,300.16 3 0
github.com/mrcodeeu/homepage/internal/scrapers/strava.go:300.16,302.3 1 0
github.com/mrcodeeu/homepage/internal/scrapers/strava.go:303.2,305.38 2 0
github.com/mrcodeeu/homepage/internal/scrapers/strava.go:305.38,308.3 2 0
github.com/mrcodeeu/homepage/internal/scrapers/strava.go:310.2,311.66 2 0
github.com/mrcodeeu/homepage/internal/scrapers/strava.go:311.66,313.3 1 0
github.com/mrcodeeu/homepage/internal/scrapers/strava.go:315.2,315.20 1 0
github.com/mrcodeeu/homepage/internal/scrapers/strava.go:319.86,323.16 3 0
github.com/mrcodeeu/homepage/internal/scrapers/strava.go:323.16,325.3 1 0
github.com/mrcodeeu/homepage/internal/scrapers/strava.go:326.2,329.16 3 0
github.com/mrcodeeu/homepage/internal/scrapers/strava.go:329.16,331.3 1 0
github.com/mrcodeeu/homepage/internal/scrapers/strava.go:332.2,334.38 2 0
github.com/mrcodeeu/homepage/internal/scrapers/strava.go:334.38,337.3 2 0
github.com/mrcodeeu/homepage/internal/scrapers/strava.go:339.2,340.71 2 0
github.com/mrcodeeu/homepage/internal/scrapers/strava.go:340.71,342.3 1 0
github.com/mrcodeeu/homepage/internal/scrapers/strava.go:344.2,344.24 1 0
github.com/mrcodeeu/homepage/internal/scrapers/strava.go:348.102,350.38 2 0
github.com/mrcodeeu/homepage/internal/scrapers/strava.go:350.38,351.39 1 0
github.com/mrcodeeu/homepage/internal/scrapers/strava.go:351.39,354.33 3 0
github.com/mrcodeeu/homepage/internal/scrapers/strava.go:354.33,357.5 1 0
github.com/mrcodeeu/homepage/internal/scrapers/strava.go:359.4,373.6 1 0
github.com/mrcodeeu/homepage/internal/scrapers/strava.go:376.2,376.15 1 0
github.com/mrcodeeu/homepage/internal/scrapers/strava.go:380.116,384.41 3 0
github.com/mrcodeeu/homepage/internal/scrapers/strava.go:384.41,386.3 1 0
github.com/mrcodeeu/homepage/internal/scrapers/strava.go:388.2,388.25 1 0
github.com/mrcodeeu/homepage/internal/scrapers/strava.go:388.25,390.3 1 0
github.com/mrcodeeu/homepage/internal/scrapers/strava.go:391.2,391.15 1 0
github.com/mrcodeeu/homepage/internal/scrapers/strava.go:395.105,396.26 1 0
github.com/mrcodeeu/homepage/internal/scrapers/strava.go:396.26,398.3 1 0
github.com/mrcodeeu/homepage/internal/scrapers/strava.go:400.2,407.38 2 0
github.com/mrcodeeu/homepage/internal/scrapers/strava.go:407.38,408.56 1 0
github.com/mrcodeeu/homepage/internal/scrapers/strava.go:408.56,410.4 1 0
github.com/mrcodeeu/homepage/internal/scrapers/strava.go:411.3,411.56 1 0
github.com/mrcodeeu/homepage/internal/scrapers/strava.go:411.56,413.4 1 0
github.com/mrcodeeu/homepage/internal/scrapers/strava.go:414.3,414.86 1 0
github.com/mrcodeeu/homepage/internal/scrapers/strava.go:414.86,416.4 1 0
github.com/mrcodeeu/homepage/internal/scrapers/strava.go:417.3,417.74 1 0
github.com/mrcodeeu/homepage/internal/scrapers/strava.go:417.74,419.4 1 0
github.com/mrcodeeu/homepage/internal/scrapers/strava.go:422.2,422.13 1 0
github.com/mrcodeeu/homepage/internal/scrapers/strava.go:426.108,439.38 4 0
github.com/mrcodeeu/homepage/internal/scrapers/strava.go:439.38,440.53 1 0
github.com/mrcodeeu/homepage/internal/scrapers/strava.go:440.53,442.102 2 0
github.com/mrcodeeu/homepage/internal/scrapers/strava.go:442.102,444.55 2 0
github.com/mrcodeeu/homepage/internal/scrapers/strava.go:444.55,452.6 1 0
github.com/mrcodeeu/homepage/internal/scrapers/strava.go:458.2,458.38 1 0
github.com/mrcodeeu/homepage/internal/scrapers/strava.go:458.38,460.3 1 0
github.com/mrcodeeu/homepage/internal/scrapers/strava.go:463.2,463.42 1 0
github.com/mrcodeeu/homepage/internal/scrapers/strava.go:463.42,465.3 1 0
github.com/mrcodeeu/homepage/internal/scrapers/strava.go:467.2,467.16 1 0
