mode: atomic
github.com/mrcodeeu/homepage/cmd/server/main.go:29.13,35.16 3 0
github.com/mrcodeeu/homepage/cmd/server/main.go:35.16,37.3 1 0
github.com/mrcodeeu/homepage/cmd/server/main.go:38.2,49.16 6 0
github.com/mrcodeeu/homepage/cmd/server/main.go:49.16,51.3 1 0
github.com/mrcodeeu/homepage/cmd/server/main.go:54.2,55.88 2 0
github.com/mrcodeeu/homepage/cmd/server/main.go:55.88,56.31 1 0
github.com/mrcodeeu/homepage/cmd/server/main.go:56.31,58.4 1 0
github.com/mrcodeeu/homepage/cmd/server/main.go:59.3,59.13 1 0
github.com/mrcodeeu/homepage/cmd/server/main.go:60.17,62.3 1 0
github.com/mrcodeeu/homepage/cmd/server/main.go:65.2,83.12 7 0
github.com/mrcodeeu/homepage/cmd/server/main.go:83.12,85.77 2 0
github.com/mrcodeeu/homepage/cmd/server/main.go:85.77,87.4 1 0
github.com/mrcodeeu/homepage/cmd/server/main.go:91.2,99.42 7 0
github.com/mrcodeeu/homepage/cmd/server/main.go:99.42,101.3 1 0
github.com/mrcodeeu/homepage/cmd/server/main.go:103.2,103.31 1 0
github.com/mrcodeeu/homepage/cmd/server/main.go:107.53,108.71 1 2
github.com/mrcodeeu/homepage/cmd/server/main.go:108.71,111.56 2 3
github.com/mrcodeeu/homepage/cmd/server/main.go:111.56,112.20 1 3
github.com/mrcodeeu/homepage/cmd/server/main.go:112.20,114.5 1 1
github.com/mrcodeeu/homepage/cmd/server/main.go:116.3,119.28 3 3
github.com/mrcodeeu/homepage/cmd/server/main.go:119.28,122.4 2 1
github.com/mrcodeeu/homepage/cmd/server/main.go:124.3,124.23 1 2
github.com/mrcodeeu/homepage/cmd/server/main.go:129.56,130.71 1 0
github.com/mrcodeeu/homepage/cmd/server/main.go:130.71,134.3 3 0
github.com/mrcodeeu/homepage/cmd/server/main.go:138.59,143.17 2 1
github.com/mrcodeeu/homepage/cmd/server/main.go:143.17,145.3 1 0
github.com/mrcodeeu/homepage/cmd/server/main.go:149.55,184.54 3 1
github.com/mrcodeeu/homepage/cmd/server/main.go:184.54,187.3 2 0
github.com/mrcodeeu/homepage/cmd/server/main.go:191.61,196.16 3 1
github.com/mrcodeeu/homepage/cmd/server/main.go:196.16,200.3 3 0
github.com/mrcodeeu/homepage/cmd/server/main.go:202.2,202.60 1 1
github.com/mrcodeeu/homepage/cmd/server/main.go:202.60,205.3 2 0
github.com/mrcodeeu/homepage/cmd/server/main.go:209.59,230.57 3 1
github.com/mrcodeeu/homepage/cmd/server/main.go:230.57,233.3 2 0
github.com/mrcodeeu/homepage/internal/scrapers/github.go:33.83,35.51 1 7
github.com/mrcodeeu/homepage/internal/scrapers/github.go:35.51,37.3 1 0
github.com/mrcodeeu/homepage/internal/scrapers/github.go:39.2,47.3 1 7
github.com/mrcodeeu/homepage/internal/scrapers/github.go:51.46,52.20 1 7
github.com/mrcodeeu/homepage/internal/scrapers/github.go:52.20,54.3 1 0
github.com/mrcodeeu/homepage/internal/scrapers/github.go:55.2,56.14 2 7
github.com/mrcodeeu/homepage/internal/scrapers/github.go:56.14,58.3 1 0
github.com/mrcodeeu/homepage/internal/scrapers/github.go:59.2,59.12 1 7
github.com/mrcodeeu/homepage/internal/scrapers/github.go:63.39,65.2 1 3
github.com/mrcodeeu/homepage/internal/scrapers/github.go:99.50,102.16 2 2
github.com/mrcodeeu/homepage/internal/scrapers/github.go:102.16,104.3 1 0
github.com/mrcodeeu/homepage/internal/scrapers/github.go:106.2,106.19 1 2
github.com/mrcodeeu/homepage/internal/scrapers/github.go:106.19,108.59 2 1
github.com/mrcodeeu/homepage/internal/scrapers/github.go:108.59,111.4 1 0
github.com/mrcodeeu/homepage/internal/scrapers/github.go:112.3,112.23 1 1
github.com/mrcodeeu/homepage/internal/scrapers/github.go:116.2,116.20 1 1
github.com/mrcodeeu/homepage/internal/scrapers/github.go:120.47,123.16 2 3
github.com/mrcodeeu/homepage/internal/scrapers/github.go:123.16,125.3 1 3
github.com/mrcodeeu/homepage/internal/scrapers/github.go:128.2,129.29 2 0
github.com/mrcodeeu/homepage/internal/scrapers/github.go:129.29,131.19 1 0
github.com/mrcodeeu/homepage/internal/scrapers/github.go:131.19,132.12 1 0
github.com/mrcodeeu/homepage/internal/scrapers/github.go:136.3,137.17 2 0
github.com/mrcodeeu/homepage/internal/scrapers/github.go:137.17,139.12 1 0
github.com/mrcodeeu/homepage/internal/scrapers/github.go:142.3,142.17 1 0
github.com/mrcodeeu/homepage/internal/scrapers/github.go:142.17,143.12 1 0
github.com/mrcodeeu/homepage/internal/scrapers/github.go:147.3,158.33 2 0
github.com/mrcodeeu/homepage/internal/scrapers/github.go:158.33,160.4 1 0
github.com/mrcodeeu/homepage/internal/scrapers/github.go:163.3,166.39 2 0
github.com/mrcodeeu/homepage/internal/scrapers/github.go:166.39,168.4 1 0
github.com/mrcodeeu/homepage/internal/scrapers/github.go:171.3,172.17 2 0
github.com/mrcodeeu/homepage/internal/scrapers/github.go:172.17,174.4 1 0
github.com/mrcodeeu/homepage/internal/scrapers/github.go:176.3,178.39 2 0
github.com/mrcodeeu/homepage/internal/scrapers/github.go:181.2,181.22 1 0
github.com/mrcodeeu/homepage/internal/scrapers/github.go:185.48,187.16 2 2
github.com/mrcodeeu/homepage/internal/scrapers/github.go:187.16,189.3 1 2
github.com/mrcodeeu/homepage/internal/scrapers/github.go:192.2,193.16 2 0
github.com/mrcodeeu/homepage/internal/scrapers/github.go:193.16,195.3 1 0
github.com/mrcodeeu/homepage/internal/scrapers/github.go:197.2,197.70 1 0
github.com/mrcodeeu/homepage/internal/scrapers/github.go:197.70,200.3 1 0
github.com/mrcodeeu/homepage/internal/scrapers/github.go:202.2,202.22 1 0
github.com/mrcodeeu/homepage/internal/scrapers/github.go:206.67,210.16 3 3
github.com/mrcodeeu/homepage/internal/scrapers/github.go:210.16,212.3 1 0
github.com/mrcodeeu/homepage/internal/scrapers/github.go:215.2,215.19 1 3
github.com/mrcodeeu/homepage/internal/scrapers/github.go:215.19,217.3 1 3
github.com/mrcodeeu/homepage/internal/scrapers/github.go:218.2,221.16 3 3
github.com/mrcodeeu/homepage/internal/scrapers/github.go:221.16,223.3 1 0
github.com/mrcodeeu/homepage/internal/scrapers/github.go:224.2,224.15 1 3
github.com/mrcodeeu/homepage/internal/scrapers/github.go:224.15,225.53 1 3
github.com/mrcodeeu/homepage/internal/scrapers/github.go:225.53,227.4 1 0
github.com/mrcodeeu/homepage/internal/scrapers/github.go:230.2,230.38 1 3
github.com/mrcodeeu/homepage/internal/scrapers/github.go:230.38,232.21 2 3
github.com/mrcodeeu/homepage/internal/scrapers/github.go:232.21,234.4 1 0
github.com/mrcodeeu/homepage/internal/scrapers/github.go:235.3,235.93 1 3
github.com/mrcodeeu/homepage/internal/scrapers/github.go:238.2,239.66 2 0
github.com/mrcodeeu/homepage/internal/scrapers/github.go:239.66,241.3 1 0
github.com/mrcodeeu/homepage/internal/scrapers/github.go:243.2,243.19 1 0
github.com/mrcodeeu/homepage/internal/scrapers/github.go:247.96,250.16 2 0
github.com/mrcodeeu/homepage/internal/scrapers/github.go:250.16,253.86 2 0
github.com/mrcodeeu/homepage/internal/scrapers/github.go:253.86,255.4 1 0
github.com/mrcodeeu/homepage/internal/scrapers/github.go:256.3,256.29 1 0
github.com/mrcodeeu/homepage/internal/scrapers/github.go:260.2,261.16 2 0
github.com/mrcodeeu/homepage/internal/scrapers/github.go:261.16,263.3 1 0
github.com/mrcodeeu/homepage/internal/scrapers/github.go:266.2,266.88 1 0
github.com/mrcodeeu/homepage/internal/scrapers/github.go:266.88,268.3 1 0
github.com/mrcodeeu/homepage/internal/scrapers/github.go:270.2,270.40 1 0
github.com/mrcodeeu/homepage/internal/scrapers/github.go:274.85,278.16 3 0
github.com/mrcodeeu/homepage/internal/scrapers/github.go:278.16,280.3 1 0
github.com/mrcodeeu/homepage/internal/scrapers/github.go:282.2,282.19 1 0
github.com/mrcodeeu/homepage/internal/scrapers/github.go:282.19,284.3 1 0
github.com/mrcodeeu/homepage/internal/scrapers/github.go:285.2,288.16 3 0
github.com/mrcodeeu/homepage/internal/scrapers/github.go:288.16,290.3 1 0
github.com/mrcodeeu/homepage/internal/scrapers/github.go:291.2,291.15 1 0
github.com/mrcodeeu/homepage/internal/scrapers/github.go:291.15,292.53 1 0
github.com/mrcodeeu/homepage/internal/scrapers/github.go:292.53,294.4 1 0
github.com/mrcodeeu/homepage/internal/scrapers/github.go:297.2,297.44 1 0
github.com/mrcodeeu/homepage/internal/scrapers/github.go:297.44,299.3 1 0
github.com/mrcodeeu/homepage/internal/scrapers/github.go:301.2,301.38 1 0
github.com/mrcodeeu/homepage/internal/scrapers/github.go:301.38,303.3 1 0
github.com/mrcodeeu/homepage/internal/scrapers/github.go:305.2,306.16 2 0
github.com/mrcodeeu/homepage/internal/scrapers/github.go:306.16,308.3 1 0
github.com/mrcodeeu/homepage/internal/scrapers/github.go:310.2,310.26 1 0
github.com/mrcodeeu/homepage/internal/scrapers/github.go:314.70,318.38 2 0
github.com/mrcodeeu/homepage/internal/scrapers/github.go:318.38,320.17 2 0
github.com/mrcodeeu/homepage/internal/scrapers/github.go:320.17,322.4 1 0
github.com/mrcodeeu/homepage/internal/scrapers/github.go:325.2,325.43 1 0
github.com/mrcodeeu/homepage/internal/scrapers/github.go:329.84,331.16 2 0
github.com/mrcodeeu/homepage/internal/scrapers/github.go:331.16,333.3 1 0
github.com/mrcodeeu/homepage/internal/scrapers/github.go:336.2,340.32 4 0
github.com/mrcodeeu/homepage/internal/scrapers/github.go:340.32,341.21 1 0
github.com/mrcodeeu/homepage/internal/scrapers/github.go:341.21,344.4 2 0
github.com/mrcodeeu/homepage/internal/scrapers/github.go:347.2,347.20 1 0
github.com/mrcodeeu/homepage/internal/scrapers/github.go:351.77,353.87 1 6
github.com/mrcodeeu/homepage/internal/scrapers/github.go:353.87,355.3 1 2
github.com/mrcodeeu/homepage/internal/scrapers/github.go:358.2,365.35 3 4
github.com/mrcodeeu/homepage/internal/scrapers/github.go:369.50,373.29 3 4
github.com/mrcodeeu/homepage/internal/scrapers/github.go:373.29,374.18 1 12
github.com/mrcodeeu/homepage/internal/scrapers/github.go:374.18,377.4 2 8
github.com/mrcodeeu/homepage/internal/scrapers/github.go:380.2,380.15 1 4
github.com/mrcodeeu/homepage/internal/config/config.go:28.21,45.2 1 2
github.com/mrcodeeu/homepage/internal/config/config.go:47.46,48.42 1 6
github.com/mrcodeeu/homepage/internal/config/config.go:48.42,50.3 1 2
github.com/mrcodeeu/homepage/internal/config/config.go:51.2,51.21 1 4
github.com/mrcodeeu/homepage/internal/storage/cache.go:39.55,41.51 1 6
github.com/mrcodeeu/homepage/internal/storage/cache.go:41.51,43.3 1 0
github.com/mrcodeeu/homepage/internal/storage/cache.go:45.2,47.8 1 6
github.com/mrcodeeu/homepage/internal/storage/cache.go:51.53,56.16 3 9
github.com/mrcodeeu/homepage/internal/storage/cache.go:56.16,57.25 1 5
github.com/mrcodeeu/homepage/internal/storage/cache.go:57.25,59.4 1 5
github.com/mrcodeeu/homepage/internal/storage/cache.go:60.3,60.63 1 0
github.com/mrcodeeu/homepage/internal/storage/cache.go:64.2,65.53 2 4
github.com/mrcodeeu/homepage/internal/storage/cache.go:65.53,67.86 1 0
github.com/mrcodeeu/homepage/internal/storage/cache.go:67.86,69.4 1 0
github.com/mrcodeeu/homepage/internal/storage/cache.go:70.3,70.18 1 0
github.com/mrcodeeu/homepage/internal/storage/cache.go:74.2,74.39 1 4
github.com/mrcodeeu/homepage/internal/storage/cache.go:74.39,76.86 1 1
github.com/mrcodeeu/homepage/internal/storage/cache.go:76.86,79.4 1 0
github.com/mrcodeeu/homepage/internal/storage/cache.go:80.3,80.18 1 1
github.com/mrcodeeu/homepage/internal/storage/cache.go:83.2,83.24 1 3
github.com/mrcodeeu/homepage/internal/storage/cache.go:87.75,95.16 3 6
github.com/mrcodeeu/homepage/internal/storage/cache.go:95.16,97.3 1 0
github.com/mrcodeeu/homepage/internal/storage/cache.go:100.2,101.64 2 6
github.com/mrcodeeu/homepage/internal/storage/cache.go:101.64,103.3 1 0
github.com/mrcodeeu/homepage/internal/storage/cache.go:105.2,105.12 1 6
github.com/mrcodeeu/homepage/internal/storage/cache.go:109.46,111.67 2 1
github.com/mrcodeeu/homepage/internal/storage/cache.go:111.67,113.3 1 0
github.com/mrcodeeu/homepage/internal/storage/cache.go:114.2,114.12 1 1
github.com/mrcodeeu/homepage/internal/storage/cache.go:118.35,121.16 2 1
github.com/mrcodeeu/homepage/internal/storage/cache.go:121.16,123.3 1 0
github.com/mrcodeeu/homepage/internal/storage/cache.go:125.2,125.32 1 1
github.com/mrcodeeu/homepage/internal/storage/cache.go:125.32,126.21 1 3
github.com/mrcodeeu/homepage/internal/storage/cache.go:126.21,128.46 2 3
github.com/mrcodeeu/homepage/internal/storage/cache.go:128.46,130.5 1 0
github.com/mrcodeeu/homepage/internal/storage/cache.go:134.2,134.12 1 1
github.com/mrcodeeu/homepage/internal/storage/cache.go:138.52,142.2 2 16
github.com/mrcodeeu/homepage/internal/storage/cache.go:145.37,148.24 2 23
github.com/mrcodeeu/homepage/internal/storage/cache.go:148.24,149.105 1 208
github.com/mrcodeeu/homepage/internal/storage/cache.go:149.105,151.4 1 204
github.com/mrcodeeu/homepage/internal/storage/cache.go:151.9,153.4 1 4
github.com/mrcodeeu/homepage/internal/storage/cache.go:155.2,155.13 1 23
